<?xml version="1.0" encoding="UTF-8"?>
<testsuite name="VisitorTest" tests="2" skipped="0" failures="0" errors="0" timestamp="2020-03-19T11:23:08" hostname="admin2-ThinkCentre-M72e" time="0.634">
  <properties/>
  <testcase name="SaveTest" classname="VisitorTest" time="0.631"/>
  <testcase name="loadTest" classname="VisitorTest" time="0.002"/>
  <system-out><![CDATA[2020-03-19 13:23:09,325 | Visitor: Successfully wrote to the file.
2020-03-19 13:23:09,335 | Visitor: File not created
]]></system-out>
  <system-err><![CDATA[]]></system-err>
</testsuite>
